         w __deregister_frame_info
         w __register_frame_info
         w __syscall_lock_close_recursive
         w userAppExit
         w userAppInit
00000000 00000802 B __ctru_dev_utf16_buf
00000000 b _TLS_MODULE_BASE_
00000000 a shift
00000000 a shift
00000804 00000401 B __ctru_dev_path_buf
00100000 A __start__
00100000 T _start
00100008 T __service_ptr
0010000c T __apt_appid
00100010 T __heap_size
00100014 T __linear_heap_size
00100018 T __system_arglist
0010001c T __system_runflags
00100020 t startup
00100058 t ClearMem
0010006c t ClrLoop
00100094 T _init
001000ac t .udivsi3_skip_div0_test
001000ac T __aeabi_uidiv
001000ac 000001ec T __udivsi3
00100298 00000020 T __aeabi_uidivmod
001002b8 T __aeabi_idiv
001002b8 00000220 T __divsi3
001002c0 t .divsi3_skip_div0_test
001004d8 00000020 T __aeabi_idivmod
001004f8 00000004 W __aeabi_idiv0
001004f8 00000004 W __aeabi_ldiv0
001004fc T __aeabi_drsub
00100504 000002b0 T __aeabi_dsub
00100504 000002b0 T __subdf3
00100508 000002ac T __adddf3
00100508 000002ac T __aeabi_dadd
001007b4 00000024 T __aeabi_ui2d
001007b4 00000024 T __floatunsidf
001007d8 00000028 T __aeabi_i2d
001007d8 00000028 T __floatsidf
00100800 00000048 T __aeabi_f2d
00100800 00000048 T __extendsfdf2
00100848 00000074 T __aeabi_ul2d
00100848 00000074 T __floatundidf
0010085c 00000060 T __aeabi_l2d
0010085c 00000060 T __floatdidf
001008bc T __aeabi_ldivmod
00100990 T __aeabi_uldivmod
001009e8 00000390 T strcmp
00100d70 t __do_global_dtors_aux
00100db0 t frame_dummy
00100de0 0000058c T main
0010136c 00000044 t C2Di_FrameEndHook
001013b0 0000036c T C2D_Init
0010171c 0000004c T C2D_Fini
00101768 000000b8 T C2D_Prepare
00101820 00000048 T C2D_Flush
00101868 00000104 T C2D_SceneSize
0010196c 00000058 T C2D_CreateScreenTarget
001019c4 00000064 T C2D_TargetClear
00101a28 0000013c T C2Di_CalcQuad
00101b64 00000058 T C2Di_AppendQuad
00101bbc 00000550 T C2Di_Update
0010210c 000002b0 T C2D_DrawImage
001023bc 0000006c T C2D_SpriteSheetLoadFromHandle
00102428 00000048 T C2D_SpriteSheetLoad
00102470 00000008 T C2D_SpriteSheetCount
00102478 0000002c T C2D_SpriteSheetGetImage
001024a4 00000004 W C3Di_LightEnvUpdate
001024a8 00000004 W C3Di_LightEnvDirty
001024ac 000000b4 t C3Di_AptEventHook
00102560 00000004 W C3Di_GasUpdate
00102564 000001e0 T C3D_Init
00102744 00000098 T C3D_SetViewport
001027dc 000004e8 T C3Di_UpdateContext
00102cc4 000000e0 T C3Di_SplitFrame
00102da4 00000010 T C3D_GetCmdBufUsage
00102db4 00000044 T C3D_Fini
00102df8 00000114 T C3D_BindProgram
00102f0c 0000004c t onVBlank0
00102f58 0000004c t onVBlank1
00102fa4 00000080 t C3Di_RenderTargetDestroy
00103024 000000f4 t onQueueFinish
00103118 00000038 T C3Di_RenderQueueEnableVBlank
00103150 00000030 T C3Di_RenderQueueDisableVBlank
00103180 00000060 T C3Di_RenderQueueInit
001031e0 000000b0 T C3Di_RenderQueueExit
00103290 00000034 T C3Di_RenderQueueWaitDone
001032c4 000000e4 T C3D_FrameBegin
001033a8 00000048 T C3D_FrameDrawOn
001033f0 00000058 T C3D_FrameSplit
00103448 000001d8 T C3D_FrameEnd
00103620 0000001c T C3D_FrameEndHook
0010363c 00000018 T C3D_GetDrawingTime
00103654 00000018 T C3D_GetProcessingTime
0010366c 00000184 T C3D_RenderTargetCreate
001037f0 000000a8 T C3D_RenderTargetSetOutput
00103898 000000fc T C3D_SyncTextureCopy
00103994 00000294 T C3D_TexInitWithParams
00103c28 000000c8 T C3D_TexLoadImage
00103cf0 00000044 T C3D_TexBind
00103d34 00000074 T C3D_TexDelete
00103da8 0000016c T C3Di_SetTex
00103f14 000003f4 t Tex3DSi_ImportCommon
00104308 00000038 T Tex3DS_TextureImportStdio
00104340 00000008 T Tex3DS_GetNumSubTextures
00104348 0000001c T Tex3DS_GetSubTexture
00104364 0000001c T C3D_CalcColorBufSize
00104380 0000001c T C3D_CalcDepthBufSize
0010439c 00000044 T C3D_SetFrameBuf
001043e0 0000016c T C3Di_FrameBufBind
0010454c 000000c8 T C3D_FrameBufClear
00104614 00000044 T C3D_FrameBufTransfer
00104658 00000034 T C3D_GetTexEnv
0010468c 00000024 T C3Di_TexEnvBind
001046b0 00000218 T C3D_DrawElements
001048c8 00000070 T C3D_ProcTexInit
00104938 00000054 T C3D_ProcTexBind
0010498c 0000005c T C3D_ProcTexLutBind
001049e8 000000a4 T ProcTexLut_FromArray
00104a8c 0000017c T C3Di_ProcTexUpdate
00104c08 00000068 T C3Di_ProcTexDirty
00104c70 00000024 T BufInfo_Init
00104c94 00000080 T BufInfo_Add
00104d14 00000040 T C3D_SetBufInfo
00104d54 00000048 T C3Di_BufInfoBind
00104d9c 00000040 T C3D_DepthMap
00104ddc 0000001c T C3D_CullFace
00104df8 00000040 T C3D_StencilTest
00104e38 00000024 T C3D_StencilOp
00104e5c 0000001c T C3D_BlendingColor
00104e78 00000024 T C3D_EarlyDepthTest
00104e9c 0000002c T C3D_DepthTest
00104ec8 0000002c T C3D_AlphaTest
00104ef4 00000050 T C3D_AlphaBlend
00104f44 00000030 T C3D_FragOpMode
00104f74 00000044 T C3D_FragOpShadow
00104fb8 000001ac T C3Di_EffectBind
00105164 00000028 T AttrInfo_Init
0010518c 00000094 T AttrInfo_AddLoader
00105220 00000054 T C3D_SetAttrInfo
00105274 00000080 T C3Di_AttrInfoBind
001052f4 000000a8 T C3D_ImmSendAttrib
0010539c 00000280 T C3D_UpdateUniforms
0010561c 000000c0 T C3Di_DirtyUniforms
001056dc 000000d8 T C3Di_LoadShaderUniforms
001057b4 00000028 T C3Di_ClearShaderUniforms
001057dc 000000cc T Mtx_Ortho
001058a8 000000cc T Mtx_OrthoTilt
00105974 00000024 t addrMapNodeComparator(rbtree_node const*, rbtree_node const*)
00105998 00000004 t addrMapNodeDestructor(rbtree_node*)
0010599c 00000250 T vramMemAlignAt
00105bec 0000000c T vramAlloc
00105bf8 0000000c T vramAllocAt
00105c04 00000090 T vramFree
00105c94 00000024 t addrMapNodeComparator(rbtree_node const*, rbtree_node const*)
00105cb8 00000004 t addrMapNodeDestructor(rbtree_node*)
00105cbc 00000120 T linearMemAlign
00105ddc 00000008 T linearAlloc
00105de4 0000005c T linearFree
00105e40 00000080 T MemPool::CoalesceRight(MemBlock*)
00105ec0 0000016c T MemPool::Allocate(MemChunk&, unsigned long, int)
0010602c 000000fc T MemPool::Deallocate(MemChunk const&)
00106128 00000030 T MemPool::GetFreeSpace()
00106158 00000008 t romfs_close
00106160 000000c0 t romfs_seek
00106220 00000024 t romfs_dirreset
00106244 000000c8 t fill_dir
0010630c 0000028c t romfs_dirnext
00106598 00000084 t romfs_free
0010661c 000000d4 t searchForFile.constprop.0
001066f0 000000d8 t searchForDir.constprop.0
001067c8 000001c0 t navigateToDir.constprop.0
00106988 0000010c t romfs_open
00106a94 0000004c t romfs_chdir
00106ae0 00000070 t romfs_diropen
00106b50 00000174 t romfs_stat
00106cc4 00000008 t romfs_dirclose
00106cd0 00000084 t romfs_fstat
00106d54 000000d0 t romfs_read
00106e24 0000028c T romfsMountFromFile
001070b0 00000098 T romfsMountFromCurrentProcess
00107148 00000260 T romfsMountSelf
001073a8 000000a0 T romfsUnmount
00107448 00000074 T osConvertVirtToPhys
001074bc 00000054 T osGetTimeRef
00107510 000000ec T osGetTime
00107600 00000038 T osTickCounterRead
00107638 00000034 T __ctru_speedup_config
0010766c 000001e8 t parseColor
00107854 000001ac T consoleDrawChar
00107a00 00000124 T consolePrintChar
00107b24 00000b94 T con_write
001086b8 000000fc t newRow
001087b4 00000168 T consoleInit
0010891c 000000d0 t gfxPresentFramebuffer
001089ec 0000001c T gfxIsWide
00108a08 000000ec T gfxSetScreenFormat
00108af4 00000010 T gfxSetDoubleBuffering
00108b04 000000e0 T gfxInit
00108be4 00000010 T gfxInitDefault
00108bf4 000000b4 T gfxExit
00108ca8 000000a0 T gfxGetFramebuffer
00108d48 00000104 T gfxFlushBuffers
00108e4c 00000030 T gfxScreenSwapBuffers
00108e7c 00000050 T gfxSwapBuffersGpu
00108ecc 000001d4 T shaderInstanceInit
001090a0 00000018 T shaderInstanceGetUniformLocation
001090b8 0000001c T shaderProgramInit
001090d4 00000064 T shaderProgramFree
00109138 00000080 T shaderProgramSetVsh
001091b8 000008e0 T shaderProgramConfigure
00109a98 000001cc t DVLE_GenerateOutmap.part.0
00109c64 000001b4 T DVLB_ParseFile
00109e18 00000038 T DVLB_Free
00109e50 00000074 T DVLE_GetUniformRegister
00109ec4 00000010 T GX_BindQueue
00109ed4 00000078 T GX_ProcessCommandList
00109f4c 00000074 T GX_MemoryFill
00109fc0 00000070 T GX_DisplayTransfer
0010a030 00000074 T GX_TextureCopy
0010a0a4 00000068 t gxCmdQueueDoCommands.part.0
0010a10c 000000c8 T gxCmdQueueInterrupt
0010a1d4 0000004c T gxCmdQueueClear
0010a220 000000f8 T gxCmdQueueAdd
0010a318 00000080 T gxCmdQueueRun
0010a398 00000060 T gxCmdQueueStop
0010a3f8 00000074 T gxCmdQueueWait
0010a46c 0000013c T GPUCMD_Add
0010a5a8 000000b0 T GPUCMD_Split
0010a658 00000034 T f32tof16
0010a68c 00000034 T f32tof24
0010a6c0 00000038 T f32tof31
0010a6f8 00000c58 t gspHardwareInit
0010b350 00000248 T gspInit
0010b598 000000f0 T gspExit
0010b688 00000010 T gspHasGpuRight
0010b698 000000a0 T gspPresentBuffer
0010b738 00000030 T gspSetEventCallback
0010b768 00000044 T gspWaitForEvent
0010b7ac 0000004c T gspWaitForAnyEvent
0010b7f8 00000158 t gspEventThreadMain
0010b950 00000130 T gspSubmitGxCommand
0010ba80 00000050 T GSPGPU_FlushDataCache
0010bad0 00000034 T GSPGPU_SetLcdForceBlack
0010bb04 00000068 T GSPGPU_AcquireRight
0010bb6c 00000048 T GSPGPU_ReleaseRight
0010bbb4 0000007c T GSPGPU_ImportDisplayCaptureInfo
0010bc30 0000002c T GSPGPU_SaveVramSysArea
0010bc5c 0000002c T GSPGPU_RestoreVramSysArea
0010bc88 000001a4 t aptConvertScreenForCapture
0010be2c 00000008 W aptDspSleep
0010be34 00000004 W aptDspWakeup
0010be38 00000004 W aptDspCancel
0010be3c 00000158 T aptSendCommand
0010bf98 00000044 t aptExitProcess
0010bfdc 000002f4 T aptExit
0010c2d0 000000e0 T aptHandleSleep
0010c3b0 00000030 T aptHook
0010c3e0 00000030 T aptUnhook
0010c410 00000084 T APT_SleepIfShellClosed
0010c494 00000084 T aptSetSleepAllowed
0010c518 00000084 T APT_UnlockTransition
0010c5a0 000004a4 t aptEventHandler
0010ca44 000000b0 T APT_ReceiveParameter
0010caf4 000000b0 t aptReceiveParameter.constprop.0
0010cba8 000002ac t aptScreenTransfer
0010ce54 00000344 t aptWaitForWakeUp.isra.0
0010d198 00000100 T aptJumpToHomeMenu
0010d298 00000048 T aptMainLoop
0010d2e0 0000022c T aptInit
0010d50c 0000007c T APT_CheckNew3DS
0010d588 00000024 W hidShouldUseIrrst
0010d5ac 0000018c T hidInit
0010d738 000000e8 T hidExit
0010d820 000002a4 T hidScanInput
0010dac4 00000010 T hidKeysHeld
0010dad4 00000010 T hidKeysDown
0010dae4 00000018 T hidCircleRead
0010dafc 00000074 T ptmSysmInit
0010db70 0000003c T ptmSysmExit
0010dbac 00000034 T PTMSYSM_ConfigureNew3DSCPU
0010dbe0 000000cc T fsInit
0010dcac 0000003c T fsExit
0010dce8 00000060 T fsExemptFromSession
0010dd48 00000050 T fsUnexemptFromSession
0010dd98 000000cc T FSUSER_OpenFile
0010de64 000000d4 T FSUSER_OpenFileDirectly
0010df38 000000bc T FSUSER_DeleteFile
0010dff4 000000f8 T FSUSER_RenameFile
0010e0ec 000000bc T FSUSER_DeleteDirectory
0010e1a8 000000d4 T FSUSER_CreateFile
0010e27c 000000c4 T FSUSER_CreateDirectory
0010e340 000000f8 T FSUSER_RenameDirectory
0010e438 000000b4 T FSUSER_OpenDirectory
0010e4ec 00000098 T FSUSER_OpenArchive
0010e584 0000008c T FSUSER_CloseArchive
0010e610 00000074 T FSUSER_GetSdmcArchiveResource
0010e684 00000064 T FSUSER_IsSdmcWritable
0010e6e8 00000058 T FSFILE_Read
0010e740 00000060 T FSFILE_Write
0010e7a0 0000003c T FSFILE_GetSize
0010e7dc 00000028 T FSFILE_SetSize
0010e804 0000003c T FSFILE_Close
0010e840 00000024 T FSFILE_Flush
0010e864 00000050 T FSDIR_Read
0010e8b4 0000003c T FSDIR_Close
0010e8f0 000000c4 t buffer_read
0010e9b4 000000d0 t iov_read
0010ea84 00000138 t iov_memmove
0010ebbc 000001dc t decompress_rle
0010ed98 00000244 t decompress_lzss
0010efdc 00000424 t decompress_lz11
0010f400 000002d8 t decompress_huff
0010f6d8 00000010 T decompressCallback_Stdio
0010f6e8 000000dc T decompressHeader
0010f7c4 00000240 T decompressV
0010fa04 00000010 T rbtree_init
0010fa14 000001b4 t do_insert
0010fbc8 00000008 T rbtree_insert
0010fbd0 00000090 T rbtree_rotate
0010fc60 00000318 T rbtree_remove
0010ff78 00000074 T rbtree_find
0010ffec 000000e8 T utf16_to_utf8
001100d4 00000064 T decode_utf16
00110138 000000c0 T utf8_to_utf16
001101f8 000001e0 W __system_allocateHeaps
001103d8 00000038 W __libctru_init
00110410 00000170 W __system_initArgv
00110580 T svcControlMemory
001105a0 T svcQueryMemory
001105d0 T svcExitProcess
001105d8 T svcCreateThread
001105f8 T svcExitThread
00110600 T svcSleepThread
00110608 T svcReleaseMutex
00110610 T svcCreateEvent
00110624 T svcSignalEvent
0011062c T svcClearEvent
00110634 T svcMapMemoryBlock
0011063c T svcUnmapMemoryBlock
00110644 T svcCreateAddressArbiter
00110658 T svcArbitrateAddressNoTimeout
00110660 T svcCloseHandle
00110668 T svcWaitSynchronization
00110670 T svcWaitSynchronizationN
00110698 T svcDuplicateHandle
001106ac T svcGetSystemTick
001106b4 T svcConnectToPort
001106c8 T svcSendSyncRequest
001106d0 T svcGetResourceLimit
001106e4 T svcGetResourceLimitLimitValues
001106ec T svcGetResourceLimitCurrentValues
001106f4 T svcBreak
001106fc W initSystem
0011074c W __ctru_exit
00110764 T __aeabi_read_tp
00110770 0000000c T __sync_init
0011077c 00000018 T __sync_fini
00110794 0000002c T syncArbitrateAddress
001107c0 000000b0 T LightLock_Lock
00110870 00000040 T LightLock_Unlock
001108b0 00000024 T RecursiveLock_Init
001108d4 00000030 T RecursiveLock_Lock
00110904 00000054 T RecursiveLock_Unlock
00110958 00000040 T LightEvent_Init
00110998 000000a4 T LightEvent_Clear
00110a3c 000000c8 T LightEvent_Signal
00110b04 00000050 T LightEvent_TryWait
00110b54 000000b0 T LightEvent_Wait
00110c04 00000084 W envGetHandle
00110c88 00000050 W envDestroyHandles
00110cd8 00000130 T srvInit
00110e08 00000058 T srvExit
00110e60 000000a0 T srvGetServiceHandleDirect
00110f00 00000038 T srvGetServiceHandle
00110f38 00000038 T srvPublishToSubscriber
00110f70 00000178 T threadCreate
001110e8 0000002c T threadFree
00111114 00000024 T threadJoin
00111138 00000030 T threadGetCurrent
00111168 00000040 T threadExit
001111a8 00000020 t _thread_begin
001111c8 000000b4 t mappableFindAddressWithin
0011127c 00000028 T mappableInit
001112a4 00000080 T mappableAlloc
00111324 00000004 T mappableFree
00111328 00000164 T irrstInit
0011148c 000000cc T irrstExit
00111558 000000b4 T irrstScanInput
0011160c 00000024 T irrstKeysHeld
00111630 0000000c T srvPmGetSessionHandle
0011163c 0000005c T rbtree_node_next
00111698 00000054 T encode_utf16
001116ec 000000e0 T encode_utf8
001117cc 0000013c T decode_utf8
00111908 00000030 W __appInit
00111938 00000030 T __syscall_getreent
00111968 00000074 T __syscall_gettod_r
001119dc 00000004 T __syscall_lock_acquire
001119e0 00000004 T __syscall_lock_release
001119e4 00000004 T __syscall_lock_init_recursive
001119e8 00000004 T __syscall_lock_acquire_recursive
001119ec 00000004 T __syscall_lock_release_recursive
001119f0 00000004 T __syscall_exit
001119f4 00000050 T initThreadVars
00111a44 00000068 T __system_initSyscalls
00111aac 00000030 W __appExit
00111adc 00000090 W __libctru_exit
00111b6c 00000014 t archive_link
00111b80 00000014 t archive_dirreset
00111b94 00000014 t archive_chmod
00111ba8 00000024 t error_cmp
00111bcc 00000050 t archive_translate_error
00111c1c 000000c8 t archive_seek
00111ce4 0000007c t _archiveInit.part.0
00111d60 000000c4 t archiveFindDevice.part.0
00111e24 0000025c t archive_utf16path
00112080 000000a0 t _archiveUnmountDeviceStruct.part.0
00112120 00000014 t archive_fchmod
00112134 00000014 t archive_statvfs
00112148 00000164 t _archiveMountDevice
001122ac 000000e8 t archive_diropen
00112394 000000a4 t archive_fstat
00112438 0000006c t archive_close
001124a4 0000006c t archive_fsync
00112510 00000070 t archive_dirclose
00112580 000000e8 t sdmc_statvfs
00112668 000000ec t archive_chdir
00112754 0000007c t archive_ftruncate
001127d0 000000ac t archive_read
0011287c 000000a4 t archive_unlink
00112920 000000bc t archive_rmdir
001129dc 000000dc t archive_mkdir
00112ab8 0000019c t archive_stat
00112c54 0000015c t archive_dirnext
00112db0 000000ec t archive_write
00112e9c 000001d4 t archive_open
00113070 00000278 t archive_rename
001132e8 0000019c T archiveMountSdmc
00113484 00000054 T archiveUnmountAll
001134d8 0000022c T cosf
00113704 00000024 t with_errnof
00113728 0000001c T __math_invalidf
00113748 0000024c T sinf
00113994 00000120 T __udivmoddi4
00113ab4 00000078 T bsearch
00113b2c 00000020 T calloc
00113b4c 000000c0 T _calloc_r
00113c0c 0000000c T __errno
00113c18 00000034 T exit
00113c4c 0000015c T _fclose_r
00113da8 00000018 T fclose
00113dc0 00000234 T __sflush_r
00113ff4 00000094 T _fflush_r
00114088 00000038 T fflush
001140c0 0000000c T _cleanup_r
001140cc 00000184 T __sinit
00114250 00000134 T __sfp
00114384 0000000c T __sfp_lock_acquire
00114390 0000000c T __sfp_lock_release
0011439c 0000003c T __libc_fini_array
001143d8 00000134 T _fopen_r
0011450c 00000020 T fopen
0011452c 000002d0 T _fread_r
001147fc 00000038 T fread
00114834 000000f8 T _malloc_trim_r
0011492c 000002e8 T _free_r
00114c14 0000001c T _fseek_r
00114c30 00000590 T _fseeko_r
001151c0 00000068 T _fwalk
00115228 00000070 T _fwalk_reent
00115298 00000084 T __libc_init_array
0011531c 00000138 T __smakebuf_r
00115454 0000008c T __swhatbuf_r
001154e0 00000020 T memalign
00115500 0000014c T _memalign_r
0011564c 00000018 T malloc
00115664 00000018 T free
0011567c 000007e4 T _malloc_r
00115e60 000000e4 T memchr
00115f44 000000b0 T memcmp
00115ff4 00000118 T memcpy
0011610c 000000f4 T memset
00116200 0000000c T __malloc_lock
0011620c 0000000c T __malloc_unlock
00116218 00000034 T printf
0011624c 0000001c t lflush
00116268 00000198 T __srefill_r
00116400 0000025c T setvbuf
0011665c 00000074 T sscanf
001166d0 00000044 T __sread
00116714 00000008 T __seofread
0011671c 00000068 T __swrite
00116784 00000044 T __sseek
001167c8 00000008 T __sclose
001167d0 00000130 T strchr
00116900 0000005c T strlen
0011695c 000000e4 T strncat
00116a40 000000e4 T strncmp
00116b24 000000c4 T strncpy
00116be8 00000048 T strnlen
00116c30 000001c4 t _strtoul_l.constprop.0
00116df4 00000004 T _strtoul_r
00116df8 00000028 T strtoul
00116e20 00000050 t get_arg
00116e70 00002c38 T __ssvfscanf_r
00119aa8 0000003c T time
00119ae4 0000066c t get_arg
0011a150 0000339c T _vfprintf_r
0011d4ec 000000d0 t __sbprintf
0011d5bc 00000054 T _wcrtomb_r
0011d610 00000028 T _wcsrtombs_r
0011d638 0000013c T __swsetup_r
0011d774 00000114 T __call_exitprocs
0011d888 000001b0 t quorem
0011da38 000011f8 T _dtoa_r
0011ec30 000000c8 T __sflags
0011ecf8 00000008 T iswspace
0011ed00 0000000c T _localeconv_r
0011ed0c 00000010 T __locale_mb_cur_max
0011ed1c 00000068 T _mbrtowc_r
0011ed84 000002f8 T __utf8_mbtowc
0011f07c 00000088 T _Balloc
0011f104 0000001c T _Bfree
0011f120 000000f4 T __multadd
0011f214 00000110 T __s2b
0011f324 00000060 T __hi0bits
0011f384 0000009c T __lo0bits
0011f420 000000a8 T __i2b
0011f4c8 00000204 T __multiply
0011f6cc 00000124 T __pow5mult
0011f7f0 00000140 T __lshift
0011f930 00000058 T __mcmp
0011f988 000001ec T __mdiff
0011fb74 00000068 T __ulp
0011fbdc 000000d0 T __b2d
0011fcac 00000120 T __d2b
0011fdcc 00000078 T __ratio
0011fe44 00000088 T __copybits
0011fecc 0000005c T __any_on
0011ff28 00000020 T realloc
0011ff48 000004a0 T _realloc_r
001203e8 000000f4 T __sccl
001204dc 0000000c T nanf
001204e8 00000088 T frexp
00120570 00000064 T sprintf
001205d4 000000cc T stpncpy
001206a0 00000064 t sulp
00120708 000013a8 T _strtod_l
00121ab0 0000000c T _strtod_r
00121abc 0000022c t _strtoll_l.constprop.0
00121ce8 00000004 T _strtoll_r
00121cec 000001a4 t _strtol_l.part.0
00121e90 0000003c T _strtol_r
00121ecc 00000244 t _strtoull_l.constprop.0
00122110 00000004 T _strtoull_r
00122114 00000188 T __ssprint_r
0012229c 000000d4 T _sungetc_r
00122370 0000006c T __ssrefill_r
001223dc 000000c4 T _sfread_r
001224a0 0000066c t get_arg
00122b10 00003334 T _svfprintf_r
00125e44 000000a8 T __submore
00125eec 0000066c t get_arg
00126558 00000030 T __sprint_r
00126588 000022ec T _vfiprintf_r
00128874 000000d0 t __sbprintf
00128944 00000188 T _wcsnrtombs_l
00128acc 0000004c T _wcsnrtombs_r
00128b18 000000f0 T __utf8_wctomb
00128c08 0000005c T __assert_func
00128c64 0000003c T fiprintf
00128ca0 000004b4 T __sfvwrite_r
00129154 000000f0 t rshift
00129244 00000814 T __gethex
00129a58 0000004c T __match
00129aa4 0000029c T __hexnan
00129d40 0000003c T iswspace_l
00129d7c 000001d8 t __jp2uc
00129f54 0000009c T _jp2uc_l
00129ff0 00000150 T memmove
0012a140 00000010 T nan
0012a150 00000014 T abort
0012a164 0000008c T category
0012a1f0 00000090 T _raise_r
0012a280 00000018 T raise
0012a298 00000008 t null_write
0012a2a0 00000018 T setDefaultDevice
0012a2b8 000000c8 T FindDevice
0012a380 00000028 T RemoveDevice
0012a3a8 0000009c T AddDevice
0012a444 00000020 T GetDeviceOpTab
0012a464 00000078 T _fstat_r
0012a4dc 00000014 T _getpid_r
0012a4f0 00000030 T _gettimeofday_r
0012a520 00000008 T _isatty_r
0012a528 00000014 T _kill_r
0012a53c 00000084 T _lseek_r
0012a5c0 000000c0 T _open_r
0012a680 00000080 T _read_r
0012a700 00000078 T _sbrk_r
0012a778 00000080 T _write_r
0012a7f8 00000020 T _exit
0012a818 000001a4 T _concatenate_path
0012a9bc 00000140 T chdir
0012aafc 00000008 T __flockfile
0012ab04 00000008 T __funlockfile
0012ab0c 0000008c T __release_handle
0012ab98 000000b0 T __alloc_handle
0012ac48 0000003c T __get_handle
0012ac84 000000f4 T _close_r
0012ad78 0000002c T __getreent
0012ada4 0000001c T __libc_lock_acquire
0012adc0 0000001c T __libc_lock_release
0012addc 0000001c T __libc_lock_init_recursive
0012adf8 0000001c T __libc_lock_acquire_recursive
0012ae14 0000001c T __libc_lock_release_recursive
0012ae30 0000001c T __libc_lock_close_recursive
0012ae4c 00000038 T __aeabi_d2lz
0012ae4c 00000038 T __fixdfdi
0012ae88 00000040 T __aeabi_d2ulz
0012ae88 00000040 T __fixunsdfdi
0012aec8 00000048 T strrchr
0012af10 T _fini
0012b18c 00000008 r s_defaultTint.0
0012b198 R render2d_shbin
0012b324 R render2d_shbin_end
0012b324 R render2d_shbin_size
0012b328 00000038 r CSWTCH.19
0012b360 00000005 r colorFmtSizes
0012b368 00000004 r depthFmtSizes
0012b36c 00000010 r CSWTCH.9
0012b3a0 00000070 r romFS_devoptab
0012b488 00000070 r dotab_stdout
0012b4f8 00000018 r grayScale
0012b510 00000006 r colorCube
0012b518 00000030 r colorTable
0012b56c 00000008 r morton_y.2
0012b574 00000008 r morton_x.3
0012b57c 00000008 r s_sleepWakeEvents.4
0012b5bc R default_font_bin
0012bdbc R default_font_bin_end
0012bde0 00000030 r error_table
0012be18 00000070 r archive_devoptab
0012be88 00000060 R __inv_pio4
0012bee8 000000e0 R __sincosf_table
0012bfc8 00000004 R _global_impure_ptr
0012bfd4 00000022 r basefix.0
0012c034 00000010 r zeroes.0
0012c044 00000010 r blanks.1
0012c054 00000101 R _ctype_
0012c168 r .LC2
0012c258 0000000c r p05.0
0012c268 00000028 R __mprec_bigtens
0012c290 000000c8 R __mprec_tens
0012c368 00000014 r fpinan.0
0012c37c 00000014 r fpi.1
0012c390 00000028 r tinytens
0012c3b8 0000006c R __action_table
0012c424 0000006c R __state_table
0012c490 00000100 R __chclass
0012c590 00000010 r zeroes.0
0012c5a0 00000010 r blanks.1
0012c5b0 00000010 r zeroes.0
0012c5c0 00000010 r blanks.1
0012c660 00000100 R __hexdig
0012c774 00001a7c r d02f4
0012e1f0 0000172a r b02cf
0012f91c 00000040 r a8
0012f95c 000000a2 r a7
0012fa00 00000070 r a6
0012fa70 0000005b r a3
0012facc 000000bc r a2
0012fb88 000000bc r a1
0012fc44 00003528 r categories
0013316c 00000070 R dotab_stdnull
001331dc R __tdata_align
001331e0 r 
001331e0 R __exidx_end
001331e0 R __exidx_start
00134000 00000001 D animate
00134004 00000004 d framerate
00134008 00000008 d framerateCounter
00134010 00000001 d firstConsoleInit.0
00134014 00000004 D currentConsole
00134018 00000048 D defaultConsole
00134060 00000004 d queueLock
00134064 00000004 d kCount
00134068 00000004 d kInterval
0013406c 00000004 d kDelay
00134070 W __stacksize__
00134074 00000004 D _impure_ptr
00134078 00000460 d impure_data
001344d8 00000004 D __malloc_sbrk_base
001344dc 00000004 D __malloc_trim_threshold
001344e0 00000408 D __malloc_av_
001348e8 0000016c D __global_locale
00134a54 0000008c D devoptab_list
00134ae0 00000004 d defaultDevice
00134ae4 00000400 d _current_working_directory
00134ee4 00001000 d handles
00135ee4 0000000c d __stderr_handle
00135ef0 0000000c d __stdout_handle
00135efc 0000000c d __stdin_handle
00135f10 d _GLOBAL_OFFSET_TABLE_
00135f1c d __frame_dummy_init_array_entry
00135f1c D __init_array_start
00135f1c B __preinit_array_end
00135f1c B __preinit_array_start
00135f1c D __tdata_lma
00135f1c D __tdata_lma_end
00135f20 d __do_global_dtors_aux_fini_array_entry
00135f20 D __fini_array_start
00135f20 D __init_array_end
00135f24 D __bss_start__
00135f24 D __fini_array_end
00135f28 00000008 B startTime
00135f30 00000004 B JoystickX
00135f34 00000004 B JoystickY
00135f38 b completed.1
00135f3c b object.0
00135f58 000005a8 B __C2Di_Context
00136500 00000040 b s_projBot
00136540 00000040 b s_projTop
00136580 00000004 b uLoc_mdlvMtx
00136584 00000004 b uLoc_projMtx
00136588 000002d0 B __C3D_Context
00136858 0000000c b hookCookie
00136868 00000010 b cpuTime
00136878 00000004 b firstTarget
0013687c 00000008 b frameCounter
00136884 00000004 b frameEndCb
00136888 00000004 b frameEndCbData
00136890 00000010 b gpuTime
001368a0 00000001 b inFrame
001368a1 00000001 b inSafeTransfer
001368a2 00000001 b isTopStereo
001368a4 00000004 b lastTarget
001368a8 0000000c b linkedTarget
001368b4 00000001 b measureGpuTime
001368b5 00000001 b needSwapBot
001368b6 00000001 b needSwapTop
001368b8 00000004 B C3D_BoolUnifs
001368bc 00000002 B C3D_BoolUnifsDirty
001368c0 00000c00 B C3D_FVUnif
001374c0 000000c0 B C3D_FVUnifDirty
00137580 00000020 B C3D_IVUnif
001375a0 00000008 B C3D_IVUnifDirty
001375a8 000000c0 b C3Di_FVUnifEverDirty
00137668 00000008 b C3Di_IVUnifEverDirty
00137670 00000018 b C3Di_ShaderFVecData
00137688 00000008 b sVramPoolB
00137690 00000008 b sVramPoolA
00137698 0000000c b sAddrMap
001376a8 00000008 b sLinearPool
001376b0 0000000c b sAddrMap
001376bc 00000004 b romfs_mount_list
001376c0 00000004 V __romfs_path
001376c4 00000001 V __ctru_speedup
001376c8 00000048 B currentCopy
00137710 00000004 b screenAlloc
00137714 00000004 b screenFree
00137718 00000002 b gfxIsDoubleBuf
0013771c 00000002 b gfxCurBuf
0013771e 00000001 b gfxIsVram
0013771f 00000001 b gfxTopMode
00137720 00000002 b gfxFramebufferFormats
00137724 00000004 b gfxBottomFramebufferMaxSize
00137728 00000004 b gfxTopFramebufferMaxSize
00137730 00000008 b gfxBottomFramebuffers
00137738 00000008 b gfxTopFramebuffers
00137740 00000004 b boundQueue
00137744 00000001 b shouldStop
00137745 00000001 b isRunning
00137746 00000001 b isActive
00137748 00000004 b curQueue
0013774c 00000004 B gpuCmdBufOffset
00137750 00000004 B gpuCmdBufSize
00137754 00000004 B gpuCmdBuf
00137758 00000007 b gspEventCbOneShot
00137760 0000001c b gspEventCbData
0013777c 0000001c b gspEventCb
00137798 00000038 b gspEvents
001377d0 00000004 b gspLastEvent
001377d4 00000001 b gspRunEvents
001377d8 00000004 b gspEventThread
001377dc 00000004 b gspEvent
001377e0 00000001 b gspGpuRight
001377e1 00000001 b gspThreadId
001377e4 00000004 b gspSharedMem
001377e8 00000004 b gspSharedMemHandle
001377ec 00000004 b gspRefCount
001377f0 00000004 b gspGpuHandle
001377f4 00000001 b flagValue.0
001377f5 00000001 b flagInit.1
001377f8 00000004 b serviceName.6
001377fc 00000001 b aptChainloadMediatype
00137800 00000008 b aptChainloadTid
00137808 00000001 b aptChainloadFlags
0013780c 00001000 b aptParameters
0013880c 00000004 b aptFlags
00138810 00000001 b aptHomeButtonState
00138814 00000004 b aptMessageFuncData
00138818 00000004 b aptMessageFunc
0013881c 0000000c b aptFirstHook
00138828 00000001 b aptEventHandlerThreadQuit
0013882c 00000004 b aptEventHandlerThread
00138830 00000008 b aptSleepEvent
00138838 00000008 b aptReceiveEvent
00138840 00000008 b aptEvents
00138848 00000004 b aptLockHandle
0013884c 00000004 b aptRefCount
00138850 00000001 b usingIrrst
00138854 00000004 b hidRefCount
00138858 00000006 b gRate
00138860 00000006 b aVec
00138868 00000004 b cPos
0013886c 00000004 b tPos
00138870 00000004 b kRepeat
00138874 00000004 b kUp
00138878 00000004 b kDown
0013887c 00000004 b kHeld
00138880 00000004 b kOld
00138884 00000004 B hidSharedMem
00138888 00000014 B hidEvents
0013889c 00000004 B hidMemHandle
001388a0 00000004 B hidHandle
001388a4 00000004 b ptmSysmRefCount
001388a8 00000004 b ptmSysmHandle
001388b0 00000080 b fsExemptArchives
00138930 00000004 b fsuRefCount
00138934 00000004 b fsuHandle
00138938 00000004 V __ctru_linear_heap_size
0013893c 00000004 V __ctru_heap_size
00138940 00000004 B __ctru_linear_heap
00138944 00000004 B __ctru_heap
00138948 00000004 B __system_retAddr
0013894c 00000004 B __system_argv
00138950 00000004 B __system_argc
00138954 b saved_stack
0013895c 00000004 b arbiter
00138960 00000004 B __3dslink_host
00138964 00000004 b srvRefCount
00138968 00000004 b srvHandle
0013896c 00000004 b currentAddr
00138970 00000004 b maxAddr
00138974 00000004 b minAddr
00138978 00000004 b irrstRefCount
0013897c 00000004 b csPos
00138980 00000004 b kHeld
00138984 00000004 B irrstSharedMem
00138988 00000004 B irrstEvent
0013898c 00000004 B irrstMemHandle
00138990 00000004 B irrstHandle
00138994 00000004 b srvPmHandle
00138998 00000540 b archive_devices
00138ed8 00000004 b archive_device_cwd
00138edc 00000001 b archive_initialized
00138ee0 0000000c b __sinit_recursive_mutex
00138eec 0000000c b __sfp_recursive_mutex
00138ef8 00000028 B __malloc_current_mallinfo
00138f20 00000004 B __malloc_max_total_mem
00138f24 00000004 B __malloc_max_sbrked_mem
00138f28 00000004 B __malloc_top_pad
00138f2c 0000000c b __malloc_recursive_mutex
00138f38 0000000c B __atexit_recursive_mutex
00138f44 00000004 b heap_start.0
00138f48 00000004 B fake_heap_start
00138f4c 00000004 B fake_heap_end
00138f50 00000400 b temp_cwd
00139350 00000004 b __hndl_lock
00139354 B __tls_start
00139f5c B __bss_end__
00139f5c A __end__
00139f5c B __tls_end
